<?xml version="1.0" encoding="UTF-8"?>
<!-- Generated by org.testng.reporters.JUnitXMLReporter -->
<testsuite ignored="0" hostname="Ragini" failures="0" tests="3" name="Default test" time="0.065" errors="0" timestamp="2024-05-09T17:10:41 IST">
  <testcase classname="com.uitesting.ragini.UIpageScreenshot" name="@BeforeMethod preConditions" time="-1.715254840975E9">
    <failure type="org.testng.TestNGException" message="
Parameter &amp;apos;browserName&amp;apos; is required by BeforeMethod on method preConditions but has not been marked @Optional or defined
in C:\Users\91843\AppData\Local\Temp\testng-eclipse--1358338018\testng-customsuite.xml">
      <![CDATA[org.testng.TestNGException: 
Parameter 'browserName' is required by BeforeMethod on method preConditions but has not been marked @Optional or defined
in C:\Users\91843\AppData\Local\Temp\testng-eclipse--1358338018\testng-customsuite.xml
at org.testng.internal.Parameters.createParams(Parameters.java:270)
at org.testng.internal.Parameters.createParametersForMethod(Parameters.java:358)
at org.testng.internal.Parameters.createParameters(Parameters.java:700)
at org.testng.internal.Parameters.createConfigurationParameters(Parameters.java:168)
at org.testng.internal.ConfigInvoker.invokeConfigurations(ConfigInvoker.java:302)
at org.testng.internal.TestInvoker.runConfigMethods(TestInvoker.java:700)
at org.testng.internal.TestInvoker.invokeMethod(TestInvoker.java:527)
at org.testng.internal.TestInvoker.invokeTestMethod(TestInvoker.java:173)
at org.testng.internal.MethodRunner.runInSequence(MethodRunner.java:46)
at org.testng.internal.TestInvoker$MethodInvocationAgent.invoke(TestInvoker.java:824)
at org.testng.internal.TestInvoker.invokeTestMethods(TestInvoker.java:146)
at org.testng.internal.TestMethodWorker.invokeTestMethods(TestMethodWorker.java:146)
at org.testng.internal.TestMethodWorker.run(TestMethodWorker.java:128)
at java.base/java.util.ArrayList.forEach(ArrayList.java:1596)
at org.testng.TestRunner.privateRun(TestRunner.java:794)
at org.testng.TestRunner.run(TestRunner.java:596)
at org.testng.SuiteRunner.runTest(SuiteRunner.java:377)
at org.testng.SuiteRunner.runSequentially(SuiteRunner.java:371)
at org.testng.SuiteRunner.privateRun(SuiteRunner.java:332)
at org.testng.SuiteRunner.run(SuiteRunner.java:276)
at org.testng.SuiteRunnerWorker.runSuite(SuiteRunnerWorker.java:53)
at org.testng.SuiteRunnerWorker.run(SuiteRunnerWorker.java:96)
at org.testng.TestNG.runSuitesSequentially(TestNG.java:1212)
at org.testng.TestNG.runSuitesLocally(TestNG.java:1134)
at org.testng.TestNG.runSuites(TestNG.java:1063)
at org.testng.TestNG.run(TestNG.java:1031)
at org.testng.remote.AbstractRemoteTestNG.run(AbstractRemoteTestNG.java:115)
at org.testng.remote.RemoteTestNG.initAndRun(RemoteTestNG.java:293)
at org.testng.remote.RemoteTestNG.main(RemoteTestNG.java:91)
]]>
    </failure>
  </testcase> <!-- @BeforeMethod preConditions -->
  <testcase classname="com.uitesting.ragini.UIpageScreenshot" name="@AfterMethod postcondition" time="-1.715254840998E9">
    <skipped/>
  </testcase> <!-- @AfterMethod postcondition -->
  <testcase classname="com.uitesting.ragini.UIpageScreenshot" name="@BeforeMethod preConditions" time="-1.715254841002E9">
    <skipped/>
  </testcase> <!-- @BeforeMethod preConditions -->
  <testcase classname="com.uitesting.ragini.UIpageScreenshot" name="@AfterMethod postcondition" time="-1.715254841007E9">
    <skipped/>
  </testcase> <!-- @AfterMethod postcondition -->
  <testcase classname="com.uitesting.ragini.UIpageScreenshot" name="@BeforeMethod preConditions" time="-1.715254841008E9">
    <skipped/>
  </testcase> <!-- @BeforeMethod preConditions -->
  <testcase classname="com.uitesting.ragini.UIpageScreenshot" name="@AfterMethod postcondition" time="-1.715254841012E9">
    <skipped/>
  </testcase> <!-- @AfterMethod postcondition -->
  <testcase classname="com.uitesting.ragini.UIpageScreenshot" name="NavigateToLink1" time="0.0">
    <skipped/>
  </testcase> <!-- NavigateToLink1 -->
  <testcase classname="com.uitesting.ragini.UIpageScreenshot" name="NavigateToLink2" time="0.0">
    <skipped/>
  </testcase> <!-- NavigateToLink2 -->
  <testcase classname="com.uitesting.ragini.UIpageScreenshot" name="NavigateToLink3" time="0.0">
    <skipped/>
  </testcase> <!-- NavigateToLink3 -->
</testsuite> <!-- Default test -->
