<?xml version="1.0" encoding="UTF-8"?>
<!-- Generated by org.testng.reporters.JUnitXMLReporter -->
<testsuite ignored="0" hostname="Ragini" failures="0" tests="5" name="Test02" time="8.564" errors="0" timestamp="2024-05-10T09:07:04 IST">
  <testcase classname="com.uitesting.ragini.UIpageScreenshot" name="@BeforeMethod preConditions" time="8.495">
    <failure type="org.openqa.selenium.NoSuchSessionException" message="Session ID is null. Using WebDriver after calling quit()?
Build info: version: &amp;apos;4.15.0&amp;apos;, revision: &amp;apos;1d14b5521b&amp;apos;
System info: os.name: &amp;apos;Windows 11&amp;apos;, os.arch: &amp;apos;amd64&amp;apos;, os.version: &amp;apos;10.0&amp;apos;, java.version: &amp;apos;21&amp;apos;
Driver info: org.openqa.selenium.firefox.FirefoxDriver
Command: [null, maximizeCurrentWindow {}]
Capabilities {acceptInsecureCerts: true, browserName: firefox, browserVersion: 125.0.3, moz:accessibilityChecks: false, moz:buildID: 20240425211020, moz:debuggerAddress: 127.0.0.1:43662, moz:geckodriverVersion: 0.34.0, moz:headless: false, moz:platformVersion: 10.0, moz:processID: 23936, moz:profile: C:\Users\91843\AppData\Loca..., moz:shutdownTimeout: 60000, moz:webdriverClick: true, moz:windowless: false, pageLoadStrategy: normal, platformName: windows, proxy: Proxy(), se:cdp: ws://127.0.0.1:43662/devtoo..., se:cdpVersion: 85.0, setWindowRect: true, strictFileInteractability: false, timeouts: {implicit: 0, pageLoad: 300000, script: 30000}, unhandledPromptBehavior: dismiss and notify, userAgent: Mozilla/5.0 (Windows NT 10....}">
      <![CDATA[org.openqa.selenium.NoSuchSessionException: Session ID is null. Using WebDriver after calling quit()?
Build info: version: '4.15.0', revision: '1d14b5521b'
System info: os.name: 'Windows 11', os.arch: 'amd64', os.version: '10.0', java.version: '21'
Driver info: org.openqa.selenium.firefox.FirefoxDriver
Command: [null, maximizeCurrentWindow {}]
Capabilities {acceptInsecureCerts: true, browserName: firefox, browserVersion: 125.0.3, moz:accessibilityChecks: false, moz:buildID: 20240425211020, moz:debuggerAddress: 127.0.0.1:43662, moz:geckodriverVersion: 0.34.0, moz:headless: false, moz:platformVersion: 10.0, moz:processID: 23936, moz:profile: C:\Users\91843\AppData\Loca..., moz:shutdownTimeout: 60000, moz:webdriverClick: true, moz:windowless: false, pageLoadStrategy: normal, platformName: windows, proxy: Proxy(), se:cdp: ws://127.0.0.1:43662/devtoo..., se:cdpVersion: 85.0, setWindowRect: true, strictFileInteractability: false, timeouts: {implicit: 0, pageLoad: 300000, script: 30000}, unhandledPromptBehavior: dismiss and notify, userAgent: Mozilla/5.0 (Windows NT 10....}
at org.openqa.selenium.remote.HttpCommandExecutor.execute(HttpCommandExecutor.java:152)
at org.openqa.selenium.remote.service.DriverCommandExecutor.invokeExecute(DriverCommandExecutor.java:200)
at org.openqa.selenium.remote.service.DriverCommandExecutor.execute(DriverCommandExecutor.java:175)
at org.openqa.selenium.remote.RemoteWebDriver.execute(RemoteWebDriver.java:607)
at org.openqa.selenium.remote.RemoteWebDriver.execute(RemoteWebDriver.java:680)
at org.openqa.selenium.remote.RemoteWebDriver.execute(RemoteWebDriver.java:684)
at org.openqa.selenium.remote.RemoteWebDriver$RemoteWebDriverOptions$RemoteWindow.maximize(RemoteWebDriver.java:1123)
at com.uitesting.ragini.UIpageScreenshot.preConditions(UIpageScreenshot.java:42)
at java.base/java.util.ArrayList.forEach(ArrayList.java:1596)
at java.base/java.util.concurrent.FutureTask.run(FutureTask.java:317)
at java.base/java.util.concurrent.ThreadPoolExecutor.runWorker(ThreadPoolExecutor.java:1144)
at java.base/java.util.concurrent.ThreadPoolExecutor$Worker.run(ThreadPoolExecutor.java:642)
at java.base/java.lang.Thread.run(Thread.java:1583)
... Removed 20 stack frames]]>
    </failure>
  </testcase> <!-- @BeforeMethod preConditions -->
  <testcase classname="com.uitesting.ragini.UIpageScreenshot" name="@AfterMethod postCondition" time="-1.715312224024E9">
    <skipped/>
  </testcase> <!-- @AfterMethod postCondition -->
  <testcase classname="com.uitesting.ragini.UIpageScreenshot" name="@BeforeMethod preConditions" time="-1.715312224025E9">
    <skipped/>
  </testcase> <!-- @BeforeMethod preConditions -->
  <testcase classname="com.uitesting.ragini.UIpageScreenshot" name="@AfterMethod postCondition" time="-1.715312224029E9">
    <skipped/>
  </testcase> <!-- @AfterMethod postCondition -->
  <testcase classname="com.uitesting.ragini.UIpageScreenshot" name="@BeforeMethod preConditions" time="-1.715312224032E9">
    <skipped/>
  </testcase> <!-- @BeforeMethod preConditions -->
  <testcase classname="com.uitesting.ragini.UIpageScreenshot" name="@AfterMethod postCondition" time="-1.715312224036E9">
    <skipped/>
  </testcase> <!-- @AfterMethod postCondition -->
  <testcase classname="com.uitesting.ragini.UIpageScreenshot" name="@BeforeMethod preConditions" time="-1.715312224039E9">
    <skipped/>
  </testcase> <!-- @BeforeMethod preConditions -->
  <testcase classname="com.uitesting.ragini.UIpageScreenshot" name="@AfterMethod postCondition" time="-1.715312224042E9">
    <skipped/>
  </testcase> <!-- @AfterMethod postCondition -->
  <testcase classname="com.uitesting.ragini.UIpageScreenshot" name="@BeforeMethod preConditions" time="-1.715312224045E9">
    <skipped/>
  </testcase> <!-- @BeforeMethod preConditions -->
  <testcase classname="com.uitesting.ragini.UIpageScreenshot" name="@AfterMethod postCondition" time="-1.715312224053E9">
    <skipped/>
  </testcase> <!-- @AfterMethod postCondition -->
  <testcase classname="com.uitesting.ragini.UIpageScreenshot" name="clickOnFirstLink" time="0.0">
    <skipped/>
  </testcase> <!-- clickOnFirstLink -->
  <testcase classname="com.uitesting.ragini.UIpageScreenshot" name="clickOnSecondLink" time="0.0">
    <skipped/>
  </testcase> <!-- clickOnSecondLink -->
  <testcase classname="com.uitesting.ragini.UIpageScreenshot" name="clickOnThirdLink" time="0.0">
    <skipped/>
  </testcase> <!-- clickOnThirdLink -->
  <testcase classname="com.uitesting.ragini.UIpageScreenshot" name="clickOnForthLink" time="0.0">
    <skipped/>
  </testcase> <!-- clickOnForthLink -->
  <testcase classname="com.uitesting.ragini.UIpageScreenshot" name="clickOnFifthLink" time="0.0">
    <skipped/>
  </testcase> <!-- clickOnFifthLink -->
</testsuite> <!-- Test02 -->
