<?xml version="1.0" encoding="UTF-8"?>
<!-- Generated by org.testng.reporters.JUnitXMLReporter -->
<testsuite ignored="0" hostname="Ragini" failures="0" tests="5" name="Test03" time="0.519" errors="0" timestamp="2024-05-09T22:44:33 IST">
  <testcase classname="com.uitesting.ragini.UIpageScreenshot" name="@BeforeMethod preConditions" time="0.433">
    <failure type="org.openqa.selenium.remote.NoSuchDriverException" message="Unable to obtain: Capabilities {browserName: safari}, error Command failed with code: 65, executed: [--browser, safari, --output, json]
safaridriver not available for download
Build info: version: &amp;apos;4.15.0&amp;apos;, revision: &amp;apos;1d14b5521b&amp;apos;
System info: os.name: &amp;apos;Windows 11&amp;apos;, os.arch: &amp;apos;amd64&amp;apos;, os.version: &amp;apos;10.0&amp;apos;, java.version: &amp;apos;21&amp;apos;
Driver info: driver.version: SafariDriver">
      <![CDATA[org.openqa.selenium.remote.NoSuchDriverException: Unable to obtain: Capabilities {browserName: safari}, error Command failed with code: 65, executed: [--browser, safari, --output, json]
safaridriver not available for download
Build info: version: '4.15.0', revision: '1d14b5521b'
System info: os.name: 'Windows 11', os.arch: 'amd64', os.version: '10.0', java.version: '21'
Driver info: driver.version: SafariDriver
at org.openqa.selenium.remote.service.DriverFinder.getPath(DriverFinder.java:25)
at org.openqa.selenium.remote.service.DriverFinder.getPath(DriverFinder.java:13)
at org.openqa.selenium.safari.SafariDriver.generateExecutor(SafariDriver.java:95)
at org.openqa.selenium.safari.SafariDriver.<init>(SafariDriver.java:84)
at org.openqa.selenium.safari.SafariDriver.<init>(SafariDriver.java:80)
at org.openqa.selenium.safari.SafariDriver.<init>(SafariDriver.java:57)
at org.openqa.selenium.safari.SafariDriver.<init>(SafariDriver.java:48)
at com.uitesting.ragini.UIpageScreenshot.preConditions(UIpageScreenshot.java:39)
at java.base/java.util.ArrayList.forEach(ArrayList.java:1596)
at java.base/java.util.concurrent.FutureTask.run(FutureTask.java:317)
at java.base/java.util.concurrent.ThreadPoolExecutor.runWorker(ThreadPoolExecutor.java:1144)
at java.base/java.util.concurrent.ThreadPoolExecutor$Worker.run(ThreadPoolExecutor.java:642)
at java.base/java.lang.Thread.run(Thread.java:1583)
Caused by: org.openqa.selenium.WebDriverException: Command failed with code: 65, executed: [--browser, safari, --output, json]
safaridriver not available for download
Build info: version: '4.15.0', revision: '1d14b5521b'
System info: os.name: 'Windows 11', os.arch: 'amd64', os.version: '10.0', java.version: '21'
Driver info: driver.version: SafariDriver
at org.openqa.selenium.manager.SeleniumManager.runCommand(SeleniumManager.java:155)
at org.openqa.selenium.manager.SeleniumManager.getDriverPath(SeleniumManager.java:287)
at org.openqa.selenium.remote.service.DriverFinder.getPath(DriverFinder.java:22)
... 32 more
... Removed 20 stack frames]]>
    </failure>
  </testcase> <!-- @BeforeMethod preConditions -->
  <testcase classname="com.uitesting.ragini.UIpageScreenshot" name="@AfterMethod postCondition" time="-1.715274873563E9">
    <skipped/>
  </testcase> <!-- @AfterMethod postCondition -->
  <testcase classname="com.uitesting.ragini.UIpageScreenshot" name="@BeforeMethod preConditions" time="-1.71527487357E9">
    <skipped/>
  </testcase> <!-- @BeforeMethod preConditions -->
  <testcase classname="com.uitesting.ragini.UIpageScreenshot" name="@AfterMethod postCondition" time="-1.715274873574E9">
    <skipped/>
  </testcase> <!-- @AfterMethod postCondition -->
  <testcase classname="com.uitesting.ragini.UIpageScreenshot" name="@BeforeMethod preConditions" time="-1.715274873576E9">
    <skipped/>
  </testcase> <!-- @BeforeMethod preConditions -->
  <testcase classname="com.uitesting.ragini.UIpageScreenshot" name="@AfterMethod postCondition" time="-1.715274873582E9">
    <skipped/>
  </testcase> <!-- @AfterMethod postCondition -->
  <testcase classname="com.uitesting.ragini.UIpageScreenshot" name="@BeforeMethod preConditions" time="-1.715274873584E9">
    <skipped/>
  </testcase> <!-- @BeforeMethod preConditions -->
  <testcase classname="com.uitesting.ragini.UIpageScreenshot" name="@AfterMethod postCondition" time="-1.715274873591E9">
    <skipped/>
  </testcase> <!-- @AfterMethod postCondition -->
  <testcase classname="com.uitesting.ragini.UIpageScreenshot" name="@BeforeMethod preConditions" time="-1.715274873593E9">
    <skipped/>
  </testcase> <!-- @BeforeMethod preConditions -->
  <testcase classname="com.uitesting.ragini.UIpageScreenshot" name="@AfterMethod postCondition" time="-1.715274873599E9">
    <skipped/>
  </testcase> <!-- @AfterMethod postCondition -->
  <testcase classname="com.uitesting.ragini.UIpageScreenshot" name="clickOnFirstLink" time="0.0">
    <skipped/>
  </testcase> <!-- clickOnFirstLink -->
  <testcase classname="com.uitesting.ragini.UIpageScreenshot" name="clickOnSecondLink" time="0.0">
    <skipped/>
  </testcase> <!-- clickOnSecondLink -->
  <testcase classname="com.uitesting.ragini.UIpageScreenshot" name="clickOnThirdLink" time="0.0">
    <skipped/>
  </testcase> <!-- clickOnThirdLink -->
  <testcase classname="com.uitesting.ragini.UIpageScreenshot" name="clickOnForthLink" time="0.0">
    <skipped/>
  </testcase> <!-- clickOnForthLink -->
  <testcase classname="com.uitesting.ragini.UIpageScreenshot" name="clickOnFifthLink" time="0.0">
    <skipped/>
  </testcase> <!-- clickOnFifthLink -->
</testsuite> <!-- Test03 -->
